------Mon Jan 12 2015 07:45:15 GMT-0700 (MST)------

Output:
	framework/build/framework.js 18.70k
	framework/build/framework.min.js 6.63k

Definitions: 
	addFileToHead 
	aggregate 
	align 
	array.indexOf 
	cache 
	command 
	cookie 
	copy 
	date.toISOString 
	debounce 
	defer 
	diff 
	dispatcher 
	display 
	each 
	extend 
	filter 
	framework 
	framework.config 
	framework.plugin 
	framework.registry 
	fromDashToCamel 
	fromJson 
	fromXML 
	function 
	functionName 
	hb 
	hb.attr.class 
	hb.compiler 
	hb.debugger 
	hb.directive 
	hb.errors 
	hb.filter 
	hb.plugins.mocks 
	hb.plugins.router 
	hb.scope 
	hb.service 
	hb.val 
	hbd.autoscroll 
	hbd.bridge 
	hbd.class 
	hbd.cloak 
	hbd.directiveRepeat 
	hbd.disabled 
	hbd.events 
	hbd.html 
	hbd.ignore 
	hbd.model 
	hbd.repeat 
	hbd.show 
	hbd.src 
	hbd.view 
	hbf.lower 
	hbf.timeAgo 
	hbf.upper 
	htmlify 
	http 
	http.jsonp 
	http.mock 
	injector 
	interpolate 
	interpolator 
	isArguments 
	isArray 
	isArrayLike 
	isBoolean 
	isDate 
	isDefined 
	isEmail 
	isEmpty 
	isEqual 
	isFile 
	isFunction 
	isInt 
	isJson 
	isMobile 
	isNumber 
	isNumeric 
	isObject 
	isRegExp 
	isRequired 
	isString 
	isTrue 
	isUndefined 
	isWindow 
	keygen 
	localStorage 
	lpad 
	md5 
	memory 
	module 
	pageVisibility 
	query 
	query.addClass 
	query.after 
	query.append 
	query.attr 
	query.before 
	query.bind 
	query.change 
	query.children 
	query.click 
	query.css 
	query.empty 
	query.find 
	query.first 
	query.get 
	query.hasClass 
	query.height 
	query.html 
	query.innerHeight 
	query.innerWidth 
	query.isChecked 
	query.isVisible 
	query.last 
	query.next 
	query.not 
	query.offset 
	query.outerHeight 
	query.outerWidth 
	query.parent 
	query.prepend 
	query.prev 
	query.prop 
	query.remove 
	query.removeClass 
	query.replace 
	query.text 
	query.toggleClass 
	query.trigger 
	query.unbind 
	query.unbindAll 
	query.val 
	query.width 
	queryBuilder 
	ready 
	rect 
	removeExtraSpaces 
	removeHTMLComments 
	removeLineBreaks 
	repeater 
	resolve 
	rpad 
	selection 
	shades 
	shallowCopy 
	singleton 
	size 
	sort 
	sortObj 
	sortOn 
	sorting 
	stateMachine 
	stopwatch 
	string.supplant 
	string.trim 
	throttle 
	timer 
	toArray 
	toDOM 
	toDateString 
	toObject 
	toString 
	toTimeAgo 
	toXML 
	toXMLString 
	urls 
	waterfall 
	window.console 

Included: 
	node_modules/hbjs/src/utils/validators/isArguments.js - node_modules/hbjs/src/utils/formatters/toArray.js:6 
	framework/src/framework.js - Gruntfile.js:import framework 
	node_modules/hbjs/src/utils/polyfills/string.supplant.js - framework/src/utils/plugin.js:2 
	node_modules/hbjs/src/utils/parsers/interpolate.js - framework/src/utils/plugin.js:3 
	node_modules/hbjs/src/utils/data/extend.js - framework/src/utils/plugin.js:3 
	node_modules/hbjs/src/utils/formatters/toArray.js - node_modules/hbjs/src/utils/data/extend.js:11 
	framework/src/utils/plugin.js - framework/src/framework.js:2 
	node_modules/hbjs/src/utils/validators/isArray.js - node_modules/hbjs/src/utils/formatters/toArray.js:2 
	node_modules/hbjs/src/utils/validators/isUndefined.js - node_modules/hbjs/src/utils/formatters/toArray.js:2 
	node_modules/hbjs/src/utils/ajax/http.js - framework/src/utils/plugin.js:3 
	framework/src/utils/registry.js - framework/src/framework.js:3 
	framework/src/utils/config.js - framework/src/framework.js:4 
	node_modules/hbjs/src/utils/async/dispatcher.js - framework/src/framework.js:5 

Ignored: 
	node_modules/hbjs/src/hb/debug/debugger.js 
	node_modules/hbjs/src/hb/directives/attr/class.js 
	node_modules/hbjs/src/hb/directives/autoscroll.js 
	node_modules/hbjs/src/hb/directives/bridge.js 
	node_modules/hbjs/src/hb/directives/class.js 
	node_modules/hbjs/src/hb/directives/cloak.js 
	node_modules/hbjs/src/hb/directives/directiveRepeat.js 
	node_modules/hbjs/src/hb/directives/disabled.js 
	node_modules/hbjs/src/hb/directives/events.js 
	node_modules/hbjs/src/hb/directives/html.js 
	node_modules/hbjs/src/hb/directives/ignore.js 
	node_modules/hbjs/src/hb/directives/model.js 
	node_modules/hbjs/src/hb/directives/repeat.js 
	node_modules/hbjs/src/hb/directives/show.js 
	node_modules/hbjs/src/hb/directives/src.js 
	node_modules/hbjs/src/hb/directives/view.js 
	node_modules/hbjs/src/hb/errors/debug.js 
	node_modules/hbjs/src/hb/filters/lower.js 
	node_modules/hbjs/src/hb/filters/timeAgo.js 
	node_modules/hbjs/src/hb/filters/upper.js 
	node_modules/hbjs/src/hb/hb.js 
	node_modules/hbjs/src/hb/module.js 
	node_modules/hbjs/src/hb/plugins/mocks.js 
	node_modules/hbjs/src/hb/plugins/router.js 
	node_modules/hbjs/src/hb/scope.js 
	node_modules/hbjs/src/hb/utils/compiler.js 
	node_modules/hbjs/src/hb/utils/directive.js 
	node_modules/hbjs/src/hb/utils/filter.js 
	node_modules/hbjs/src/hb/utils/interpolator.js 
	node_modules/hbjs/src/hb/utils/service.js 
	node_modules/hbjs/src/hb/utils/val.js 
	node_modules/hbjs/src/utils/ajax/jsonp.js 
	node_modules/hbjs/src/utils/ajax/mock.js 
	node_modules/hbjs/src/utils/array/aggregate.js 
	node_modules/hbjs/src/utils/array/each.js 
	node_modules/hbjs/src/utils/array/selection.js 
	node_modules/hbjs/src/utils/array/sort.js 
	node_modules/hbjs/src/utils/array/sortOn.js 
	node_modules/hbjs/src/utils/async/debounce.js 
	node_modules/hbjs/src/utils/async/defer.js 
	node_modules/hbjs/src/utils/async/throttle.js 
	node_modules/hbjs/src/utils/async/waterfall.js 
	node_modules/hbjs/src/utils/browser/addFileToHead.js 
	node_modules/hbjs/src/utils/browser/cookie.js 
	node_modules/hbjs/src/utils/browser/localStorage.js 
	node_modules/hbjs/src/utils/browser/pageVisibility.js 
	node_modules/hbjs/src/utils/browser/ready.js 
	node_modules/hbjs/src/utils/color/shades.js 
	node_modules/hbjs/src/utils/crypt/keygen.js 
	node_modules/hbjs/src/utils/crypt/md5.js 
	node_modules/hbjs/src/utils/data/cache.js 
	node_modules/hbjs/src/utils/data/copy.js 
	node_modules/hbjs/src/utils/data/diff.js 
	node_modules/hbjs/src/utils/data/filter.js 
	node_modules/hbjs/src/utils/data/memory.js 
	node_modules/hbjs/src/utils/data/resolve.js 
	node_modules/hbjs/src/utils/data/shallowCopy.js 
	node_modules/hbjs/src/utils/data/size.js 
	node_modules/hbjs/src/utils/data/sortObj.js 
	node_modules/hbjs/src/utils/display/align.js 
	node_modules/hbjs/src/utils/display/display.js 
	node_modules/hbjs/src/utils/display/sorting.js 
	node_modules/hbjs/src/utils/formatters/fromDashToCamel.js 
	node_modules/hbjs/src/utils/formatters/fromJson.js 
	node_modules/hbjs/src/utils/formatters/fromXML.js 
	node_modules/hbjs/src/utils/formatters/lpad.js 
	node_modules/hbjs/src/utils/formatters/removeExtraSpaces.js 
	node_modules/hbjs/src/utils/formatters/removeHTMLComments.js 
	node_modules/hbjs/src/utils/formatters/removeLineBreaks.js 
	node_modules/hbjs/src/utils/formatters/rpad.js 
	node_modules/hbjs/src/utils/formatters/toDOM.js 
	node_modules/hbjs/src/utils/formatters/toDateString.js 
	node_modules/hbjs/src/utils/formatters/toObject.js 
	node_modules/hbjs/src/utils/formatters/toTimeAgo.js 
	node_modules/hbjs/src/utils/formatters/toXML.js 
	node_modules/hbjs/src/utils/formatters/toXMLString.js 
	node_modules/hbjs/src/utils/geom/Rect.js 
	node_modules/hbjs/src/utils/parsers/functionName.js 
	node_modules/hbjs/src/utils/parsers/htmlify.js 
	node_modules/hbjs/src/utils/parsers/urls.js 
	node_modules/hbjs/src/utils/patterns/Singleton.js 
	node_modules/hbjs/src/utils/patterns/command.js 
	node_modules/hbjs/src/utils/patterns/injector.js 
	node_modules/hbjs/src/utils/patterns/stateMachine.js 
	node_modules/hbjs/src/utils/polyfills/array.indexOf.js 
	node_modules/hbjs/src/utils/polyfills/date.toISOString.js 
	node_modules/hbjs/src/utils/polyfills/string.trim.js 
	node_modules/hbjs/src/utils/polyfills/window.console.js 
	node_modules/hbjs/src/utils/query/event/bind.js 
	node_modules/hbjs/src/utils/query/event/change.js 
	node_modules/hbjs/src/utils/query/event/click.js 
	node_modules/hbjs/src/utils/query/event/trigger.js 
	node_modules/hbjs/src/utils/query/event/unbind.js 
	node_modules/hbjs/src/utils/query/event/unbindAll.js 
	node_modules/hbjs/src/utils/query/measure/height.js 
	node_modules/hbjs/src/utils/query/measure/innerHeight.js 
	node_modules/hbjs/src/utils/query/measure/innerWidth.js 
	node_modules/hbjs/src/utils/query/measure/offset.js 
	node_modules/hbjs/src/utils/query/measure/outerHeight.js 
	node_modules/hbjs/src/utils/query/measure/outerWidth.js 
	node_modules/hbjs/src/utils/query/measure/width.js 
	node_modules/hbjs/src/utils/query/modify/addClass.js 
	node_modules/hbjs/src/utils/query/modify/attr.js 
	node_modules/hbjs/src/utils/query/modify/css.js 
	node_modules/hbjs/src/utils/query/modify/hasClass.js 
	node_modules/hbjs/src/utils/query/modify/prop.js 
	node_modules/hbjs/src/utils/query/modify/removeClass.js 
	node_modules/hbjs/src/utils/query/modify/toggleClass.js 
	node_modules/hbjs/src/utils/query/modify/val.js 
	node_modules/hbjs/src/utils/query/mutate/after.js 
	node_modules/hbjs/src/utils/query/mutate/append.js 
	node_modules/hbjs/src/utils/query/mutate/before.js 
	node_modules/hbjs/src/utils/query/mutate/empty.js 
	node_modules/hbjs/src/utils/query/mutate/html.js 
	node_modules/hbjs/src/utils/query/mutate/prepend.js 
	node_modules/hbjs/src/utils/query/mutate/remove.js 
	node_modules/hbjs/src/utils/query/mutate/replace.js 
	node_modules/hbjs/src/utils/query/mutate/text.js 
	node_modules/hbjs/src/utils/query/query.js 
	node_modules/hbjs/src/utils/query/queryBuilder.js 
	node_modules/hbjs/src/utils/query/select/children.js 
	node_modules/hbjs/src/utils/query/select/find.js 
	node_modules/hbjs/src/utils/query/select/first.js 
	node_modules/hbjs/src/utils/query/select/get.js 
	node_modules/hbjs/src/utils/query/select/last.js 
	node_modules/hbjs/src/utils/query/select/next.js 
	node_modules/hbjs/src/utils/query/select/not.js 
	node_modules/hbjs/src/utils/query/select/parent.js 
	node_modules/hbjs/src/utils/query/select/prev.js 
	node_modules/hbjs/src/utils/query/validators/isChecked.js 
	node_modules/hbjs/src/utils/query/validators/isVisible.js 
	node_modules/hbjs/src/utils/timers/repeater.js 
	node_modules/hbjs/src/utils/timers/stopwatch.js 
	node_modules/hbjs/src/utils/timers/timer.js 
	node_modules/hbjs/src/utils/validators/isArrayLike.js 
	node_modules/hbjs/src/utils/validators/isBoolean.js 
	node_modules/hbjs/src/utils/validators/isDate.js 
	node_modules/hbjs/src/utils/validators/isDefined.js 
	node_modules/hbjs/src/utils/validators/isEmail.js 
	node_modules/hbjs/src/utils/validators/isEmpty.js 
	node_modules/hbjs/src/utils/validators/isEqual.js 
	node_modules/hbjs/src/utils/validators/isFile.js 
	node_modules/hbjs/src/utils/validators/isFunction.js 
	node_modules/hbjs/src/utils/validators/isInt.js 
	node_modules/hbjs/src/utils/validators/isJson.js 
	node_modules/hbjs/src/utils/validators/isMobile.js 
	node_modules/hbjs/src/utils/validators/isMobile.js 
	node_modules/hbjs/src/utils/validators/isNumber.js 
	node_modules/hbjs/src/utils/validators/isNumeric.js 
	node_modules/hbjs/src/utils/validators/isObject.js 
	node_modules/hbjs/src/utils/validators/isRegExp.js 
	node_modules/hbjs/src/utils/validators/isRequired.js 
	node_modules/hbjs/src/utils/validators/isString.js 
	node_modules/hbjs/src/utils/validators/isTrue.js 
	node_modules/hbjs/src/utils/validators/isWindow.js 
